Arguments: 
  /home/kdw/.nvm/versions/node/v10.21.0/bin/node /home/kdw/.nvm/versions/node/v10.21.0/bin/yarn add typesciprt

PATH: 
  /home/kdw/.vscode-server/bin/fcac248b077b55bae4ba5bab613fd6e9156c2f0c/bin:/home/kdw/.nvm/versions/node/v10.21.0/bin:/usr/local/sbin:/usr/local/bin:/usr/sbin:/usr/bin:/sbin:/bin:/usr/games:/usr/local/games:/mnt/c/Python38/Scripts/:/mnt/c/Python38/:/mnt/c/WINDOWS/system32:/mnt/c/WINDOWS:/mnt/c/WINDOWS/System32/Wbem:/mnt/c/WINDOWS/System32/WindowsPowerShell/v1.0/:/mnt/c/WINDOWS/System32/OpenSSH/:/mnt/c/Program Files/Git/cmd:/mnt/c/ProgramData/chocolatey/bin:/mnt/c/Program Files (x86)/NVIDIA Corporation/PhysX/Common:/mnt/c/Program Files/NVIDIA Corporation/NVIDIA NvDLISR:/mnt/c/Program Files/MySQL/MySQL Server 8.0/bin:/mnt/c/Program Files/nodejs/:/mnt/c/Users/akfmz/AppData/Local/Microsoft/WindowsApps:/mnt/c/Users/akfmz/AppData/Local/Programs/Microsoft VS Code/bin:/mnt/c/Users/akfmz/AppData/Roaming/npm

Yarn version: 
  1.22.10

Node version: 
  10.21.0

Platform: 
  linux x64

Trace: 
  Error: https://registry.yarnpkg.com/typesciprt: Not found
      at Request.params.callback [as _callback] (/home/kdw/.nvm/versions/node/v10.21.0/lib/node_modules/yarn/lib/cli.js:66988:18)
      at Request.self.callback (/home/kdw/.nvm/versions/node/v10.21.0/lib/node_modules/yarn/lib/cli.js:140662:22)
      at Request.emit (events.js:198:13)
      at Request.<anonymous> (/home/kdw/.nvm/versions/node/v10.21.0/lib/node_modules/yarn/lib/cli.js:141634:10)
      at Request.emit (events.js:198:13)
      at IncomingMessage.<anonymous> (/home/kdw/.nvm/versions/node/v10.21.0/lib/node_modules/yarn/lib/cli.js:141556:12)
      at Object.onceWrapper (events.js:286:20)
      at IncomingMessage.emit (events.js:203:15)
      at endReadableNT (_stream_readable.js:1145:12)
      at process._tickCallback (internal/process/next_tick.js:63:19)

npm manifest: 
  {
    "name": "typescript-blockchain",
    "version": "1.0.0",
    "main": "index.js",
    "license": "MIT"
  }

yarn manifest: 
  No manifest

Lockfile: 
  No lockfile
